Trigger has happened
deployment.apps/cucumber created
service/cucumber exposed
deployment.apps/cucumber condition met
Service created for listening to trigger at localhost:7009
Sleeping for 300 seconds
Forwarding from 127.0.0.1:7009 -> 5000
Forwarding from [::1]:7009 -> 5000
Handling connection for 7009
Handling connection for 7009
Trigger has happened
error: failed to create deployment: deployments.apps "cucumber" already exists
Trigger has happened
Error from server (AlreadyExists): services "cucumber" already exists
error: failed to create deployment: deployments.apps "cucumber" already exists
Error from server (AlreadyExists): services "cucumber" already exists
deployment.apps/cucumber condition met
Service created for listening to trigger at localhost:7009
Sleeping for 300 seconds
deployment.apps/cucumber condition met
Service created for listening to trigger at localhost:7009
Sleeping for 300 seconds
Unable to listen on port 7009: Listeners failed to create with the following errors: [unable to create listener: Error listen tcp4 127.0.0.1:7009: bind: address already in use unable to create listener: Error listen tcp6 [::1]:7009: bind: address already in use]
error: unable to listen on any of the requested ports: [{7009 5000}]
Unable to listen on port 7009: Listeners failed to create with the following errors: [unable to create listener: Error listen tcp4 127.0.0.1:7009: bind: address already in use unable to create listener: Error listen tcp6 [::1]:7009: bind: address already in use]
error: unable to listen on any of the requested ports: [{7009 5000}]
Deleting cucumbers
deployment.apps "cucumber" deleted
service "cucumber" deleted
Trigger has happened
deployment.apps/cucumber created
service/cucumber exposed
deployment.apps/cucumber condition met
Service created for listening to trigger at localhost:7009
Sleeping for 300 seconds
Unable to listen on port 7009: Listeners failed to create with the following errors: [unable to create listener: Error listen tcp4 127.0.0.1:7009: bind: address already in use unable to create listener: Error listen tcp6 [::1]:7009: bind: address already in use]
error: unable to listen on any of the requested ports: [{7009 5000}]
Deleting cucumbers
deployment.apps "cucumber" deleted
Deleting cucumbers
Error from server (NotFound): deployments.apps "cucumber" not found
service "cucumber" deleted
Error from server (NotFound): services "cucumber" not found
Handling connection for 7009
E0419 13:40:51.404232  326177 portforward.go:409] an error occurred forwarding 7009 -> 5000: error forwarding port 5000 to pod 5040bb555e0157642f859332af5651f4bca356a164cdd962dd0a56e0acf97967, uid : Error response from daemon: No such container: 5040bb555e0157642f859332af5651f4bca356a164cdd962dd0a56e0acf97967
error: lost connection to pod
Trigger has happened
deployment.apps/cucumber created
service/cucumber exposed
deployment.apps/cucumber condition met
Service created for listening to trigger at localhost:7009
Sleeping for 300 seconds
Forwarding from 127.0.0.1:7009 -> 5000
Forwarding from [::1]:7009 -> 5000
Handling connection for 7009
Handling connection for 7009
